<?xml version="1.0" encoding="UTF-8"?>
<!-- Generated by org.testng.reporters.JUnitReportReporter -->
<testsuite hostname="DESKTOP-BUC14NO" failures="0" tests="1" name="Locators.LocatrosWithXpathAndCSSSelector" time="8.410" errors="0" timestamp="2022-09-07T09:21:35 IST" skipped="0">
  <testcase classname="Locators.LocatrosWithXpathAndCSSSelector" name="login" time="8.410"/>
  <system-out/>
</testsuite> <!-- Locators.LocatrosWithXpathAndCSSSelector -->
