<?xml version="1.0" encoding="UTF-8"?>
<!-- Generated by org.testng.reporters.JUnitReportReporter -->
<testsuite hostname="DESKTOP-BUC14NO" failures="0" tests="1" name="Locators.LocatorsPracticeClass" time="7.649" errors="0" timestamp="2022-09-07T04:29:27 IST" skipped="0">
  <testcase classname="Locators.LocatorsPracticeClass" name="display" time="7.649"/>
  <system-out/>
</testsuite> <!-- Locators.LocatorsPracticeClass -->
